%!Adobe-FontList 1.14
%Locale:0x419

%BeginFont
Handler:DirectoryHandler
FontType:TrueType
FontName:FontAwesome
FamilyName:FontAwesome
StyleName:Regular
FullName:FontAwesome Regular
MenuName:FontAwesome
StyleBits:0
WritingScript:Roman
OutlineFileName:D:\Марина\work\itloft\Loftschool\web\dz\Font\FontAwesome\fontawesome-webfont.ttf
DataFormat:sfntData
FileLength:122092
FileModTime:1429293384
WeightClass:400
WidthClass:5
AngleClass:0
%EndFont

%BeginFont
Handler:DirectoryHandler
FontType:Type1
FontName:FontAwesome
FamilyName:FontAwesome
StyleName:Regular
FullName:FontAwesome
MenuName:FontAwesome
StyleBits:0
WritingScript:Roman
OutlineFileName:D:\Марина\work\itloft\Loftschool\web\dz\Font\FontAwesome\FontAwesome.otf
DataFormat:sfntData
UsesStandardEncoding:yes
isCFF:yes
FileLength:93888
FileModTime:1429293384
WeightClass:400
WidthClass:5
AngleClass:0
%EndFont

%BeginFont
Handler:DirectoryHandler
FontType:TrueType
FontName:FiraSans-Bold
FamilyName:Fira Sans
StyleName:Bold
FullName:Fira Sans Bold
MenuName:Fira Sans
StyleBits:2
WritingScript:Roman
OutlineFileName:D:\Марина\work\itloft\Loftschool\web\dz\Font\FiraSans\FiraSans-Bold.ttf
DataFormat:sfntData
FileLength:158444
FileModTime:1432601732
WeightClass:700
WidthClass:5
AngleClass:0
%EndFont

%BeginFont
Handler:DirectoryHandler
FontType:TrueType
FontName:FiraSans-Light
FamilyName:Fira Sans
StyleName:Light
FullName:Fira Sans Light
MenuName:Fira Sans Light
StyleBits:0
WritingScript:Roman
OutlineFileName:D:\Марина\work\itloft\Loftschool\web\dz\Font\FiraSans\FiraSans-Light.ttf
DataFormat:sfntData
FileLength:158520
FileModTime:1432601732
WeightClass:300
WidthClass:5
AngleClass:0
%EndFont

%BeginFont
Handler:DirectoryHandler
FontType:TrueType
FontName:FiraSans-Medium
FamilyName:Fira Sans
StyleName:Medium
FullName:Fira Sans Medium
MenuName:Fira Sans Medium
StyleBits:0
WritingScript:Roman
OutlineFileName:D:\Марина\work\itloft\Loftschool\web\dz\Font\FiraSans\FiraSans-Medium.ttf
DataFormat:sfntData
FileLength:158552
FileModTime:1432601732
WeightClass:500
WidthClass:5
AngleClass:0
%EndFont

%BeginFont
Handler:DirectoryHandler
FontType:TrueType
FontName:FiraSans-Regular
FamilyName:Fira Sans
StyleName:Regular
FullName:Fira Sans
MenuName:Fira Sans
StyleBits:0
WritingScript:Roman
OutlineFileName:D:\Марина\work\itloft\Loftschool\web\dz\Font\FiraSans\FiraSans-Regular.ttf
DataFormat:sfntData
FileLength:158584
FileModTime:1432601732
WeightClass:400
WidthClass:5
AngleClass:0
%EndFont

